<?xml version="1.0" encoding="UTF-8"?>
<!-- Generated by org.testng.reporters.JUnitReportReporter -->
<testsuite hostname="WKWIN4350445" failures="0" tests="1" name="drivers.FlipkartSearchDivers" time="19.712" errors="0" timestamp="2020-03-16T16:35:47 IST" skipped="0">
  <testcase classname="drivers.FlipkartSearchDivers" name="searcProduct" time="19.712"/>
</testsuite> <!-- drivers.FlipkartSearchDivers -->
