<?xml version="1.0" encoding="UTF-8"?>
<!-- Generated by org.testng.reporters.JUnitReportReporter -->
<testsuite hostname="WKWIN4350445" failures="0" tests="9" name="drivers.TestHomePage" time="11.543" errors="0" timestamp="2020-03-19T09:49:49 IST" skipped="0">
  <testcase classname="drivers.TestHomePage" name="openHomepage" time="6.387"/>
  <testcase classname="drivers.TestHomePage" name="verifyMenuLinks" time="0.169"/>
  <testcase classname="drivers.TestHomePage" name="verifyEmptyCart" time="0.042"/>
  <testcase classname="drivers.TestHomePage" name="verifyPageLogo" time="0.064"/>
  <testcase classname="drivers.TestHomePage" name="verifySignInHover" time="0.029"/>
  <testcase classname="drivers.TestHomePage" name="verifyPlaceHolderText" time="0.032"/>
  <testcase classname="drivers.TestHomePage" name="verifyPhoneNumber" time="0.036"/>
  <testcase classname="drivers.TestHomePage" name="hoverOverDresses" time="1.149"/>
  <testcase classname="drivers.TestHomePage" name="ClickSummerDresses" time="3.635"/>
</testsuite> <!-- drivers.TestHomePage -->
