<?xml version="1.0" encoding="UTF-8"?>
<!-- Generated by org.testng.reporters.JUnitReportReporter -->
<testsuite hostname="WKWIN4350445" failures="0" tests="26" name="drivers.TestShoppingSite" time="48.784" errors="0" timestamp="2020-03-19T15:43:52 IST" skipped="0">
  <testcase classname="drivers.TestShoppingSite" name="verifyMenuLinks" time="0.185"/>
  <testcase classname="drivers.TestShoppingSite" name="verifyPageLogo" time="0.059"/>
  <testcase classname="drivers.TestShoppingSite" name="verifyPaymentDetails" time="0.088"/>
  <testcase classname="drivers.TestShoppingSite" name="verifyDetails" time="0.098"/>
  <testcase classname="drivers.TestShoppingSite" name="verifyCartNumber" time="0.042"/>
  <testcase classname="drivers.TestShoppingSite" name="verifyEmptyCart" time="0.058"/>
  <testcase classname="drivers.TestShoppingSite" name="verifyPlaceHolderText" time="0.040"/>
  <testcase classname="drivers.TestShoppingSite" name="verifyCheckbox" time="0.046"/>
  <testcase classname="drivers.TestShoppingSite" name="verifyMenuBars" time="0.090"/>
  <testcase classname="drivers.TestShoppingSite" name="proceedAndPopupCheck" time="0.466"/>
  <testcase classname="drivers.TestShoppingSite" name="verifySignOutLink" time="0.025"/>
  <testcase classname="drivers.TestShoppingSite" name="verifyPhoneNumber" time="0.035"/>
  <testcase classname="drivers.TestShoppingSite" name="verifySignInHover" time="0.039"/>
  <testcase classname="drivers.TestShoppingSite" name="openHomepage" time="12.038"/>
  <testcase classname="drivers.TestShoppingSite" name="hoverOverDresses" time="1.194"/>
  <testcase classname="drivers.TestShoppingSite" name="ClickSummerDresses" time="3.680"/>
  <testcase classname="drivers.TestShoppingSite" name="getListView" time="1.103"/>
  <testcase classname="drivers.TestShoppingSite" name="verifyCompareCount" time="4.328"/>
  <testcase classname="drivers.TestShoppingSite" name="clickProdWithHighestPrice" time="3.237"/>
  <testcase classname="drivers.TestShoppingSite" name="addToCart" time="2.467"/>
  <testcase classname="drivers.TestShoppingSite" name="clickProceedToCart" time="1.852"/>
  <testcase classname="drivers.TestShoppingSite" name="proceedToCheckout" time="3.153"/>
  <testcase classname="drivers.TestShoppingSite" name="loginUser" time="3.613"/>
  <testcase classname="drivers.TestShoppingSite" name="checkLogoutButtonAndProceed" time="1.442"/>
  <testcase classname="drivers.TestShoppingSite" name="proceedToPayment" time="7.516"/>
  <testcase classname="drivers.TestShoppingSite" name="checkTOsAndProceed" time="1.890"/>
</testsuite> <!-- drivers.TestShoppingSite -->
