<?xml version="1.0" encoding="UTF-8"?>
<!-- Generated by org.testng.reporters.JUnitReportReporter -->
<testsuite hostname="WKWIN4350445" failures="0" tests="1" name="drivers.QuarateAssesment" time="72.128" errors="0" timestamp="2020-03-18T14:12:49 IST" skipped="0">
  <testcase classname="drivers.QuarateAssesment" name="functionalityQuarate" time="72.128"/>
</testsuite> <!-- drivers.QuarateAssesment -->
