<?xml version="1.0" encoding="UTF-8"?>
<!-- Generated by org.testng.reporters.JUnitReportReporter -->
<testsuite hostname="WKWIN4350445" failures="0" tests="1" name="drivers.programDriver" time="23.948" errors="0" timestamp="2020-03-18T16:58:26 IST" skipped="0">
  <testcase classname="drivers.programDriver" name="testFunctionalities" time="23.948"/>
</testsuite> <!-- drivers.programDriver -->
